<?xml version="1.0" encoding="UTF-8"?>
<!-- Generated by org.testng.reporters.JUnitReportReporter -->
<testsuite skipped="0" hostname="optimuslap-28" name="com.uwp.testscripts.CalculatorTest" tests="1" failures="0" timestamp="11 Oct 2018 08:01:06 GMT" time="3.844" errors="0">
  <testcase name="Addition" time="3.844" classname="com.uwp.testscripts.CalculatorTest"/>
</testsuite> <!-- com.uwp.testscripts.CalculatorTest -->
