<?xml version="1.0" encoding="UTF-8"?>
<!-- Generated by org.testng.reporters.JUnitReportReporter -->
<testsuite skipped="0" hostname="optimuslap-28" name="com.uwp.testscripts.CalculatorTest" tests="1" failures="0" timestamp="10 Oct 2018 10:07:55 GMT" time="0.913" errors="0">
  <testcase name="empty" time="0.913" classname="com.uwp.testscripts.CalculatorTest"/>
</testsuite> <!-- com.uwp.testscripts.CalculatorTest -->
